[2026-06-04 23:01:37,535] root - INFO - Starting Data Ingestion
[2026-06-04 23:01:39,328] root - INFO - Dataframe Shape : (11055, 31)
[2026-06-04 23:01:39,452] root - INFO - Feature store file saved successfully
[2026-06-04 23:01:39,548] root - INFO - Train and Test files created successfully
[2026-06-04 23:01:39,551] root - INFO - Data Ingestion Completed Successfully
[2026-06-04 23:01:39,551] root - INFO - Data Ingestion Artifact: DataIngestionArtifact(trained_file_path='Artifacts\\06-04-2026-23-01-34\\data_ingestion\\ingested\\train.csv', test_file_path='Artifacts\\06-04-2026-23-01-34\\data_ingestion\\ingested\\test.csv')
[2026-06-04 23:01:39,560] root - INFO - Starting Data Validation
[2026-06-04 23:01:39,830] root - INFO - Required columns : 31
[2026-06-04 23:01:39,830] root - INFO - Available columns : 31
[2026-06-04 23:01:39,830] root - INFO - Required columns : 31
[2026-06-04 23:01:39,830] root - INFO - Available columns : 31
[2026-06-04 23:01:40,079] root - INFO - Data Validation Artifact: DataValidationArtifact(validation_status=True, valid_train_file_path='Artifacts\\06-04-2026-23-01-34\\data_validation\\validated\\train.csv', valid_test_file_path='Artifacts\\06-04-2026-23-01-34\\data_validation\\validated\\test.csv', invalid_train_file_path=None, invalid_test_file_path=None, drift_report_file_path='Artifacts\\06-04-2026-23-01-34\\data_validation\\drift_report\\report.yaml')
[2026-06-04 23:01:40,079] root - INFO - Starting Data Transformation
[2026-06-04 23:01:40,079] root - INFO - Reading validated train and test data
[2026-06-04 23:01:40,215] root - INFO - Train Shape: (8844, 31)
[2026-06-04 23:01:40,215] root - INFO - Test Shape: (2211, 31)
[2026-06-04 23:01:40,224] root - INFO - Creating Data Transformation Pipeline
[2026-06-04 23:01:40,288] root - INFO - Data Transformation Artifact: DataTransformationArtifact(transformed_train_file_path='Artifacts\\06-04-2026-23-01-34\\data_transformation\\transformed\\train.npy', transformed_test_file_path='Artifacts\\06-04-2026-23-01-34\\data_transformation\\transformed\\test.npy', preprocessor_object_file_path='Artifacts\\06-04-2026-23-01-34\\data_transformation\\transformed_object\\preprocessing.pkl')
[2026-06-04 23:01:40,290] root - INFO - Data Transformation Artifact: DataTransformationArtifact(transformed_train_file_path='Artifacts\\06-04-2026-23-01-34\\data_transformation\\transformed\\train.npy', transformed_test_file_path='Artifacts\\06-04-2026-23-01-34\\data_transformation\\transformed\\test.npy', preprocessor_object_file_path='Artifacts\\06-04-2026-23-01-34\\data_transformation\\transformed_object\\preprocessing.pkl')
[2026-06-04 23:01:40,290] root - INFO - Starting Model Training
[2026-06-04 23:03:04,875] root - INFO - Best Model Found: Random Forest
[2026-06-04 23:03:05,342] root - INFO - Model Trainer Artifact : ModelTrainerArtifact(trained_model_file_path='Artifacts\\06-04-2026-23-01-34\\model_trainer\\trained_model\\model.pkl', train_metric_artifact=ClassificationMetricArtifact(f1_score=0.9914390542193233, precision_score=0.9886178861788618, recall_score=0.9942763695829926), test_metric_artifact=ClassificationMetricArtifact(f1_score=0.9753424657534246, precision_score=0.9658914728682171, recall_score=0.9849802371541502))
[2026-06-04 23:03:05,348] root - INFO - Model Trainer Artifact: ModelTrainerArtifact(trained_model_file_path='Artifacts\\06-04-2026-23-01-34\\model_trainer\\trained_model\\model.pkl', train_metric_artifact=ClassificationMetricArtifact(f1_score=0.9914390542193233, precision_score=0.9886178861788618, recall_score=0.9942763695829926), test_metric_artifact=ClassificationMetricArtifact(f1_score=0.9753424657534246, precision_score=0.9658914728682171, recall_score=0.9849802371541502))
[2026-06-04 23:03:05,348] root - INFO - Training Pipeline completed successfully.
